[2026-03-23 20:15:44,060][httpx][INFO] - HTTP Request: GET https://huggingface.co/api/models/runwayml/stable-diffusion-v1-5 "HTTP/1.1 307 Temporary Redirect"
[2026-03-23 20:15:44,240][httpx][INFO] - HTTP Request: GET https://huggingface.co/api/models/stable-diffusion-v1-5/stable-diffusion-v1-5 "HTTP/1.1 200 OK"
[2026-03-23 20:15:44,406][httpx][INFO] - HTTP Request: HEAD https://huggingface.co/runwayml/stable-diffusion-v1-5/resolve/main/model_index.json "HTTP/1.1 307 Temporary Redirect"
[2026-03-23 20:15:44,584][httpx][INFO] - HTTP Request: HEAD https://huggingface.co/stable-diffusion-v1-5/stable-diffusion-v1-5/resolve/main/model_index.json "HTTP/1.1 307 Temporary Redirect"
[2026-03-23 20:15:44,635][httpx][INFO] - HTTP Request: HEAD https://huggingface.co/api/resolve-cache/models/stable-diffusion-v1-5/stable-diffusion-v1-5/451f4fe16113bff5a5d2269ed5ad43b0592e9a14/model_index.json "HTTP/1.1 200 OK"
[2026-03-23 20:15:44,774][httpx][INFO] - HTTP Request: GET https://huggingface.co/api/resolve-cache/models/stable-diffusion-v1-5/stable-diffusion-v1-5/451f4fe16113bff5a5d2269ed5ad43b0592e9a14/model_index.json "HTTP/1.1 200 OK"
[2026-03-23 20:15:58,983][httpx][INFO] - HTTP Request: GET https://huggingface.co/api/models/runwayml/stable-diffusion-v1-5/revision/main "HTTP/1.1 307 Temporary Redirect"
[2026-03-23 20:15:59,142][httpx][INFO] - HTTP Request: GET https://huggingface.co/api/models/stable-diffusion-v1-5/stable-diffusion-v1-5/revision/main "HTTP/1.1 200 OK"
[2026-03-23 20:15:59,361][httpx][INFO] - HTTP Request: HEAD https://huggingface.co/runwayml/stable-diffusion-v1-5/resolve/451f4fe16113bff5a5d2269ed5ad43b0592e9a14/feature_extractor/preprocessor_config.json "HTTP/1.1 307 Temporary Redirect"
[2026-03-23 20:15:59,428][httpx][INFO] - HTTP Request: HEAD https://huggingface.co/runwayml/stable-diffusion-v1-5/resolve/451f4fe16113bff5a5d2269ed5ad43b0592e9a14/safety_checker/config.json "HTTP/1.1 307 Temporary Redirect"
[2026-03-23 20:15:59,434][httpx][INFO] - HTTP Request: HEAD https://huggingface.co/runwayml/stable-diffusion-v1-5/resolve/451f4fe16113bff5a5d2269ed5ad43b0592e9a14/text_encoder/config.json "HTTP/1.1 307 Temporary Redirect"
[2026-03-23 20:15:59,442][httpx][INFO] - HTTP Request: HEAD https://huggingface.co/runwayml/stable-diffusion-v1-5/resolve/451f4fe16113bff5a5d2269ed5ad43b0592e9a14/scheduler/scheduler_config.json "HTTP/1.1 307 Temporary Redirect"
[2026-03-23 20:15:59,443][httpx][INFO] - HTTP Request: HEAD https://huggingface.co/runwayml/stable-diffusion-v1-5/resolve/451f4fe16113bff5a5d2269ed5ad43b0592e9a14/text_encoder/model.safetensors "HTTP/1.1 307 Temporary Redirect"
[2026-03-23 20:15:59,450][httpx][INFO] - HTTP Request: HEAD https://huggingface.co/runwayml/stable-diffusion-v1-5/resolve/451f4fe16113bff5a5d2269ed5ad43b0592e9a14/tokenizer/tokenizer_config.json "HTTP/1.1 307 Temporary Redirect"
[2026-03-23 20:15:59,450][httpx][INFO] - HTTP Request: HEAD https://huggingface.co/runwayml/stable-diffusion-v1-5/resolve/451f4fe16113bff5a5d2269ed5ad43b0592e9a14/tokenizer/merges.txt "HTTP/1.1 307 Temporary Redirect"
[2026-03-23 20:15:59,453][httpx][INFO] - HTTP Request: HEAD https://huggingface.co/runwayml/stable-diffusion-v1-5/resolve/451f4fe16113bff5a5d2269ed5ad43b0592e9a14/tokenizer/special_tokens_map.json "HTTP/1.1 307 Temporary Redirect"
[2026-03-23 20:15:59,528][httpx][INFO] - HTTP Request: HEAD https://huggingface.co/stable-diffusion-v1-5/stable-diffusion-v1-5/resolve/451f4fe16113bff5a5d2269ed5ad43b0592e9a14/feature_extractor/preprocessor_config.json "HTTP/1.1 307 Temporary Redirect"
[2026-03-23 20:15:59,590][httpx][INFO] - HTTP Request: HEAD https://huggingface.co/api/resolve-cache/models/stable-diffusion-v1-5/stable-diffusion-v1-5/451f4fe16113bff5a5d2269ed5ad43b0592e9a14/feature_extractor%2Fpreprocessor_config.json "HTTP/1.1 200 OK"
[2026-03-23 20:15:59,590][httpx][INFO] - HTTP Request: HEAD https://huggingface.co/stable-diffusion-v1-5/stable-diffusion-v1-5/resolve/451f4fe16113bff5a5d2269ed5ad43b0592e9a14/safety_checker/config.json "HTTP/1.1 307 Temporary Redirect"
[2026-03-23 20:15:59,590][huggingface_hub.utils._http][WARNING] - Warning: You are sending unauthenticated requests to the HF Hub. Please set a HF_TOKEN to enable higher rate limits and faster downloads.
[2026-03-23 20:15:59,606][httpx][INFO] - HTTP Request: HEAD https://huggingface.co/stable-diffusion-v1-5/stable-diffusion-v1-5/resolve/451f4fe16113bff5a5d2269ed5ad43b0592e9a14/text_encoder/model.safetensors "HTTP/1.1 302 Found"
[2026-03-23 20:15:59,606][httpx][INFO] - HTTP Request: HEAD https://huggingface.co/stable-diffusion-v1-5/stable-diffusion-v1-5/resolve/451f4fe16113bff5a5d2269ed5ad43b0592e9a14/scheduler/scheduler_config.json "HTTP/1.1 307 Temporary Redirect"
[2026-03-23 20:15:59,622][httpx][INFO] - HTTP Request: HEAD https://huggingface.co/stable-diffusion-v1-5/stable-diffusion-v1-5/resolve/451f4fe16113bff5a5d2269ed5ad43b0592e9a14/tokenizer/special_tokens_map.json "HTTP/1.1 307 Temporary Redirect"
[2026-03-23 20:15:59,622][httpx][INFO] - HTTP Request: HEAD https://huggingface.co/stable-diffusion-v1-5/stable-diffusion-v1-5/resolve/451f4fe16113bff5a5d2269ed5ad43b0592e9a14/tokenizer/tokenizer_config.json "HTTP/1.1 307 Temporary Redirect"
[2026-03-23 20:15:59,622][httpx][INFO] - HTTP Request: HEAD https://huggingface.co/stable-diffusion-v1-5/stable-diffusion-v1-5/resolve/451f4fe16113bff5a5d2269ed5ad43b0592e9a14/tokenizer/merges.txt "HTTP/1.1 307 Temporary Redirect"
[2026-03-23 20:15:59,622][httpx][INFO] - HTTP Request: HEAD https://huggingface.co/stable-diffusion-v1-5/stable-diffusion-v1-5/resolve/451f4fe16113bff5a5d2269ed5ad43b0592e9a14/text_encoder/config.json "HTTP/1.1 307 Temporary Redirect"
[2026-03-23 20:15:59,637][httpx][INFO] - HTTP Request: HEAD https://huggingface.co/api/resolve-cache/models/stable-diffusion-v1-5/stable-diffusion-v1-5/451f4fe16113bff5a5d2269ed5ad43b0592e9a14/safety_checker%2Fconfig.json "HTTP/1.1 200 OK"
[2026-03-23 20:15:59,669][httpx][INFO] - HTTP Request: HEAD https://huggingface.co/api/resolve-cache/models/stable-diffusion-v1-5/stable-diffusion-v1-5/451f4fe16113bff5a5d2269ed5ad43b0592e9a14/scheduler%2Fscheduler_config.json "HTTP/1.1 200 OK"
[2026-03-23 20:15:59,684][httpx][INFO] - HTTP Request: HEAD https://huggingface.co/api/resolve-cache/models/stable-diffusion-v1-5/stable-diffusion-v1-5/451f4fe16113bff5a5d2269ed5ad43b0592e9a14/tokenizer%2Fspecial_tokens_map.json "HTTP/1.1 200 OK"
[2026-03-23 20:15:59,684][httpx][INFO] - HTTP Request: HEAD https://huggingface.co/api/resolve-cache/models/stable-diffusion-v1-5/stable-diffusion-v1-5/451f4fe16113bff5a5d2269ed5ad43b0592e9a14/tokenizer%2Fmerges.txt "HTTP/1.1 200 OK"
[2026-03-23 20:15:59,684][httpx][INFO] - HTTP Request: GET https://huggingface.co/api/resolve-cache/models/stable-diffusion-v1-5/stable-diffusion-v1-5/451f4fe16113bff5a5d2269ed5ad43b0592e9a14/feature_extractor%2Fpreprocessor_config.json "HTTP/1.1 200 OK"
[2026-03-23 20:15:59,684][httpx][INFO] - HTTP Request: HEAD https://huggingface.co/api/resolve-cache/models/stable-diffusion-v1-5/stable-diffusion-v1-5/451f4fe16113bff5a5d2269ed5ad43b0592e9a14/tokenizer%2Ftokenizer_config.json "HTTP/1.1 200 OK"
[2026-03-23 20:15:59,684][httpx][INFO] - HTTP Request: HEAD https://huggingface.co/api/resolve-cache/models/stable-diffusion-v1-5/stable-diffusion-v1-5/451f4fe16113bff5a5d2269ed5ad43b0592e9a14/text_encoder%2Fconfig.json "HTTP/1.1 200 OK"
[2026-03-23 20:16:00,722][httpx][INFO] - HTTP Request: GET https://huggingface.co/api/resolve-cache/models/stable-diffusion-v1-5/stable-diffusion-v1-5/451f4fe16113bff5a5d2269ed5ad43b0592e9a14/tokenizer%2Fmerges.txt "HTTP/1.1 200 OK"
[2026-03-23 20:16:00,722][httpx][INFO] - HTTP Request: GET https://huggingface.co/api/resolve-cache/models/stable-diffusion-v1-5/stable-diffusion-v1-5/451f4fe16113bff5a5d2269ed5ad43b0592e9a14/scheduler%2Fscheduler_config.json "HTTP/1.1 200 OK"
[2026-03-23 20:16:00,737][httpx][INFO] - HTTP Request: GET https://huggingface.co/api/resolve-cache/models/stable-diffusion-v1-5/stable-diffusion-v1-5/451f4fe16113bff5a5d2269ed5ad43b0592e9a14/tokenizer%2Ftokenizer_config.json "HTTP/1.1 200 OK"
[2026-03-23 20:16:00,737][httpx][INFO] - HTTP Request: GET https://huggingface.co/api/resolve-cache/models/stable-diffusion-v1-5/stable-diffusion-v1-5/451f4fe16113bff5a5d2269ed5ad43b0592e9a14/tokenizer%2Fspecial_tokens_map.json "HTTP/1.1 200 OK"
[2026-03-23 20:16:00,893][httpx][INFO] - HTTP Request: GET https://huggingface.co/api/resolve-cache/models/stable-diffusion-v1-5/stable-diffusion-v1-5/451f4fe16113bff5a5d2269ed5ad43b0592e9a14/text_encoder%2Fconfig.json "HTTP/1.1 200 OK"
[2026-03-23 20:16:00,893][httpx][INFO] - HTTP Request: GET https://huggingface.co/api/resolve-cache/models/stable-diffusion-v1-5/stable-diffusion-v1-5/451f4fe16113bff5a5d2269ed5ad43b0592e9a14/safety_checker%2Fconfig.json "HTTP/1.1 200 OK"
[2026-03-23 20:16:01,347][httpx][INFO] - HTTP Request: HEAD https://huggingface.co/runwayml/stable-diffusion-v1-5/resolve/451f4fe16113bff5a5d2269ed5ad43b0592e9a14/tokenizer/vocab.json "HTTP/1.1 307 Temporary Redirect"
[2026-03-23 20:16:01,518][httpx][INFO] - HTTP Request: HEAD https://huggingface.co/stable-diffusion-v1-5/stable-diffusion-v1-5/resolve/451f4fe16113bff5a5d2269ed5ad43b0592e9a14/tokenizer/vocab.json "HTTP/1.1 307 Temporary Redirect"
[2026-03-23 20:16:01,565][httpx][INFO] - HTTP Request: HEAD https://huggingface.co/api/resolve-cache/models/stable-diffusion-v1-5/stable-diffusion-v1-5/451f4fe16113bff5a5d2269ed5ad43b0592e9a14/tokenizer%2Fvocab.json "HTTP/1.1 200 OK"
[2026-03-23 20:16:01,722][httpx][INFO] - HTTP Request: HEAD https://huggingface.co/runwayml/stable-diffusion-v1-5/resolve/451f4fe16113bff5a5d2269ed5ad43b0592e9a14/unet/config.json "HTTP/1.1 307 Temporary Redirect"
[2026-03-23 20:16:01,722][httpx][INFO] - HTTP Request: HEAD https://huggingface.co/runwayml/stable-diffusion-v1-5/resolve/451f4fe16113bff5a5d2269ed5ad43b0592e9a14/vae/diffusion_pytorch_model.safetensors "HTTP/1.1 307 Temporary Redirect"
[2026-03-23 20:16:01,722][httpx][INFO] - HTTP Request: HEAD https://huggingface.co/runwayml/stable-diffusion-v1-5/resolve/451f4fe16113bff5a5d2269ed5ad43b0592e9a14/unet/diffusion_pytorch_model.safetensors "HTTP/1.1 307 Temporary Redirect"
[2026-03-23 20:16:01,737][httpx][INFO] - HTTP Request: HEAD https://huggingface.co/runwayml/stable-diffusion-v1-5/resolve/451f4fe16113bff5a5d2269ed5ad43b0592e9a14/vae/config.json "HTTP/1.1 307 Temporary Redirect"
[2026-03-23 20:16:03,945][httpx][INFO] - HTTP Request: HEAD https://huggingface.co/stable-diffusion-v1-5/stable-diffusion-v1-5/resolve/451f4fe16113bff5a5d2269ed5ad43b0592e9a14/unet/config.json "HTTP/1.1 307 Temporary Redirect"
[2026-03-23 20:16:04,955][httpx][INFO] - HTTP Request: HEAD https://huggingface.co/stable-diffusion-v1-5/stable-diffusion-v1-5/resolve/451f4fe16113bff5a5d2269ed5ad43b0592e9a14/vae/diffusion_pytorch_model.safetensors "HTTP/1.1 302 Found"
[2026-03-23 20:16:04,955][httpx][INFO] - HTTP Request: HEAD https://huggingface.co/stable-diffusion-v1-5/stable-diffusion-v1-5/resolve/451f4fe16113bff5a5d2269ed5ad43b0592e9a14/unet/diffusion_pytorch_model.safetensors "HTTP/1.1 302 Found"
[2026-03-23 20:16:05,002][httpx][INFO] - HTTP Request: GET https://huggingface.co/api/resolve-cache/models/stable-diffusion-v1-5/stable-diffusion-v1-5/451f4fe16113bff5a5d2269ed5ad43b0592e9a14/tokenizer%2Fvocab.json "HTTP/1.1 200 OK"
[2026-03-23 20:16:05,018][httpx][INFO] - HTTP Request: HEAD https://huggingface.co/api/resolve-cache/models/stable-diffusion-v1-5/stable-diffusion-v1-5/451f4fe16113bff5a5d2269ed5ad43b0592e9a14/unet%2Fconfig.json "HTTP/1.1 200 OK"
[2026-03-23 20:16:05,070][httpx][INFO] - HTTP Request: GET https://huggingface.co/api/resolve-cache/models/stable-diffusion-v1-5/stable-diffusion-v1-5/451f4fe16113bff5a5d2269ed5ad43b0592e9a14/unet%2Fconfig.json "HTTP/1.1 200 OK"
[2026-03-23 20:16:05,133][httpx][INFO] - HTTP Request: GET https://huggingface.co/api/models/stable-diffusion-v1-5/stable-diffusion-v1-5/xet-read-token/451f4fe16113bff5a5d2269ed5ad43b0592e9a14 "HTTP/1.1 200 OK"
[2026-03-23 20:16:05,273][httpx][INFO] - HTTP Request: GET https://huggingface.co/api/models/stable-diffusion-v1-5/stable-diffusion-v1-5/xet-read-token/451f4fe16113bff5a5d2269ed5ad43b0592e9a14 "HTTP/1.1 200 OK"
[2026-03-23 20:16:05,273][httpx][INFO] - HTTP Request: HEAD https://huggingface.co/stable-diffusion-v1-5/stable-diffusion-v1-5/resolve/451f4fe16113bff5a5d2269ed5ad43b0592e9a14/vae/config.json "HTTP/1.1 307 Temporary Redirect"
[2026-03-23 20:16:05,351][httpx][INFO] - HTTP Request: GET https://huggingface.co/api/models/stable-diffusion-v1-5/stable-diffusion-v1-5/xet-read-token/451f4fe16113bff5a5d2269ed5ad43b0592e9a14 "HTTP/1.1 200 OK"
[2026-03-23 20:16:05,856][httpx][INFO] - HTTP Request: HEAD https://huggingface.co/api/resolve-cache/models/stable-diffusion-v1-5/stable-diffusion-v1-5/451f4fe16113bff5a5d2269ed5ad43b0592e9a14/vae%2Fconfig.json "HTTP/1.1 200 OK"
[2026-03-23 20:16:05,919][httpx][INFO] - HTTP Request: GET https://huggingface.co/api/resolve-cache/models/stable-diffusion-v1-5/stable-diffusion-v1-5/451f4fe16113bff5a5d2269ed5ad43b0592e9a14/vae%2Fconfig.json "HTTP/1.1 200 OK"
[2026-03-23 20:25:06,133][httpx][INFO] - HTTP Request: HEAD https://huggingface.co/runwayml/stable-diffusion-v1-5/resolve/main/scheduler/scheduler_config.json "HTTP/1.1 307 Temporary Redirect"
[2026-03-23 20:25:06,320][httpx][INFO] - HTTP Request: HEAD https://huggingface.co/stable-diffusion-v1-5/stable-diffusion-v1-5/resolve/main/scheduler/scheduler_config.json "HTTP/1.1 307 Temporary Redirect"
[2026-03-23 20:25:06,368][httpx][INFO] - HTTP Request: HEAD https://huggingface.co/api/resolve-cache/models/stable-diffusion-v1-5/stable-diffusion-v1-5/451f4fe16113bff5a5d2269ed5ad43b0592e9a14/scheduler%2Fscheduler_config.json "HTTP/1.1 200 OK"
